Arguments: 
  /usr/local/bin/node /usr/local/bin/yarn add -D @types/react-native-google-maps-directions

PATH: 
  /usr/local/bin:/usr/bin:/bin:/usr/sbin:/sbin:/Library/PostgreSQL/13/bin:/Library/Apple/usr/bin

Yarn version: 
  1.22.10

Node version: 
  14.17.0

Platform: 
  darwin x64

Trace: 
  Error: https://registry.yarnpkg.com/@types%2freact-native-google-maps-directions: Not found
      at Request.params.callback [as _callback] (/usr/local/lib/node_modules/yarn/lib/cli.js:66988:18)
      at Request.self.callback (/usr/local/lib/node_modules/yarn/lib/cli.js:140662:22)
      at Request.emit (events.js:376:20)
      at Request.<anonymous> (/usr/local/lib/node_modules/yarn/lib/cli.js:141634:10)
      at Request.emit (events.js:376:20)
      at IncomingMessage.<anonymous> (/usr/local/lib/node_modules/yarn/lib/cli.js:141556:12)
      at Object.onceWrapper (events.js:482:28)
      at IncomingMessage.emit (events.js:388:22)
      at endReadableNT (internal/streams/readable.js:1336:12)
      at processTicksAndRejections (internal/process/task_queues.js:82:21)

npm manifest: 
  {
    "dependencies": {
      "react-native-google-maps-directions": "^2.1.1"
    }
  }

yarn manifest: 
  No manifest

Lockfile: 
  # THIS IS AN AUTOGENERATED FILE. DO NOT EDIT THIS FILE DIRECTLY.
  # yarn lockfile v1
  
  
  react-native-google-maps-directions@^2.1.1:
    version "2.1.1"
    resolved "https://registry.yarnpkg.com/react-native-google-maps-directions/-/react-native-google-maps-directions-2.1.1.tgz#d27c38508174bd4009adebc1517eff852901c13b"
    integrity sha512-hsq2T3cJsZZ31akEq08nBCdRlYQ+o+07R7wTb9QclrTQHJRIKR78mI9lgizOpKm4NFSYUOxGtbL7LfhJw1OANQ==
